D:\GITHUB\ESDK_CGW\SOURCE\SIPSDK\OUTPUT\DEBUG\RTPCONVERTSDK.DLL
D:\Github\esdk_Cgw\source\SipSDK\output\debug\rtpconvertsdk.exp
D:\Github\esdk_Cgw\source\SipSDK\output\debug\rtpconvertsdk.lib
D:\GITHUB\ESDK_CGW\SOURCE\SIPSDK\OUTPUT\DEBUG\RTPCONVERTSDK.PDB
D:\GITHUB\ESDK_CGW\SOURCE\SIPSDK\TEMP\DEBUG\CCONNMGR.OBJ
D:\GITHUB\ESDK_CGW\SOURCE\SIPSDK\TEMP\DEBUG\CDCGSTACK.OBJ
D:\Github\esdk_Cgw\source\SipSDK\temp\Debug\cl.command.1.tlog
D:\Github\esdk_Cgw\source\SipSDK\temp\Debug\CL.read.1.tlog
D:\Github\esdk_Cgw\source\SipSDK\temp\Debug\CL.write.1.tlog
D:\GITHUB\ESDK_CGW\SOURCE\SIPSDK\TEMP\DEBUG\CLOCKGUARD.OBJ
D:\GITHUB\ESDK_CGW\SOURCE\SIPSDK\TEMP\DEBUG\CNVSTIMER.OBJ
D:\GITHUB\ESDK_CGW\SOURCE\SIPSDK\TEMP\DEBUG\CSIPSTACK.OBJ
D:\GITHUB\ESDK_CGW\SOURCE\SIPSDK\TEMP\DEBUG\CSYNCHRONIZED.OBJ
D:\GITHUB\ESDK_CGW\SOURCE\SIPSDK\TEMP\DEBUG\DIGCALC.OBJ
D:\GITHUB\ESDK_CGW\SOURCE\SIPSDK\TEMP\DEBUG\DLLMAIN.OBJ
D:\GITHUB\ESDK_CGW\SOURCE\SIPSDK\TEMP\DEBUG\ES2PSPROCESSOR.OBJ
D:\GITHUB\ESDK_CGW\SOURCE\SIPSDK\TEMP\DEBUG\ESDK_RTPPACKET.OBJ
D:\Github\esdk_Cgw\source\SipSDK\temp\Debug\eSDK_RtpPacket.vcxprojResolveAssemblyReference.cache
D:\GITHUB\ESDK_CGW\SOURCE\SIPSDK\TEMP\DEBUG\ESDKMEM.OBJ
D:\GITHUB\ESDK_CGW\SOURCE\SIPSDK\TEMP\DEBUG\ESDKTOOL.OBJ
D:\GITHUB\ESDK_CGW\SOURCE\SIPSDK\TEMP\DEBUG\HSTPESPARSE.OBJ
D:\Github\esdk_Cgw\source\SipSDK\temp\Debug\link.command.1.tlog
D:\Github\esdk_Cgw\source\SipSDK\temp\Debug\link.read.1.tlog
D:\Github\esdk_Cgw\source\SipSDK\temp\Debug\link.write.1.tlog
D:\GITHUB\ESDK_CGW\SOURCE\SIPSDK\TEMP\DEBUG\MD5.OBJ
D:\GITHUB\ESDK_CGW\SOURCE\SIPSDK\TEMP\DEBUG\MEDIABLOCKBUFFER.OBJ
D:\GITHUB\ESDK_CGW\SOURCE\SIPSDK\TEMP\DEBUG\MEDIADATAQUEUE.OBJ
D:\GITHUB\ESDK_CGW\SOURCE\SIPSDK\TEMP\DEBUG\MINIDMP.OBJ
D:\GITHUB\ESDK_CGW\SOURCE\SIPSDK\TEMP\DEBUG\MINISIP.OBJ
D:\Github\esdk_Cgw\source\SipSDK\temp\Debug\mt.command.1.tlog
D:\Github\esdk_Cgw\source\SipSDK\temp\Debug\mt.read.1.tlog
D:\Github\esdk_Cgw\source\SipSDK\temp\Debug\mt.write.1.tlog
D:\GITHUB\ESDK_CGW\SOURCE\SIPSDK\TEMP\DEBUG\PACKETPROCESSMGR.OBJ
D:\GITHUB\ESDK_CGW\SOURCE\SIPSDK\TEMP\DEBUG\PS2ESPROCESSOR.OBJ
D:\GITHUB\ESDK_CGW\SOURCE\SIPSDK\TEMP\DEBUG\RAND.OBJ
D:\GITHUB\ESDK_CGW\SOURCE\SIPSDK\TEMP\DEBUG\RANDUTIL.OBJ
D:\Github\esdk_Cgw\source\SipSDK\temp\Debug\rc.command.1.tlog
D:\Github\esdk_Cgw\source\SipSDK\temp\Debug\rc.read.1.tlog
D:\Github\esdk_Cgw\source\SipSDK\temp\Debug\rc.write.1.tlog
D:\GITHUB\ESDK_CGW\SOURCE\SIPSDK\TEMP\DEBUG\RTPCONVERTSDK.DLL.INTERMEDIATE.MANIFEST
D:\GITHUB\ESDK_CGW\SOURCE\SIPSDK\TEMP\DEBUG\RTPCONVERTSDK.PCH
D:\Github\esdk_Cgw\source\SipSDK\temp\Debug\rtpconvertsdk.write.1.tlog
D:\GITHUB\ESDK_CGW\SOURCE\SIPSDK\TEMP\DEBUG\RTPFRAMEORGANIZER.OBJ
D:\GITHUB\ESDK_CGW\SOURCE\SIPSDK\TEMP\DEBUG\RTPPACKET.OBJ
D:\Github\esdk_Cgw\source\SipSDK\temp\Debug\sipsdk.dll.embed.manifest
D:\GITHUB\ESDK_CGW\SOURCE\SIPSDK\TEMP\DEBUG\SIPSDK.DLL.EMBED.MANIFEST.RES
D:\GITHUB\ESDK_CGW\SOURCE\SIPSDK\TEMP\DEBUG\SIPSDK.OBJ
D:\GITHUB\ESDK_CGW\SOURCE\SIPSDK\TEMP\DEBUG\SIPSDK.PCH
D:\Github\esdk_Cgw\source\SipSDK\temp\Debug\sipsdk_manifest.rc
D:\GITHUB\ESDK_CGW\SOURCE\SIPSDK\TEMP\DEBUG\SIPSTACK_AGENT_CLIENT_IMPL.OBJ
D:\GITHUB\ESDK_CGW\SOURCE\SIPSDK\TEMP\DEBUG\SIPSTACK_AGENT_MGR_IMPL.OBJ
D:\GITHUB\ESDK_CGW\SOURCE\SIPSDK\TEMP\DEBUG\SIPSTACK_AGENT_MSG_IMPL.OBJ
D:\GITHUB\ESDK_CGW\SOURCE\SIPSDK\TEMP\DEBUG\SIPSTACK_AGENT_SERVER_IMPL.OBJ
D:\GITHUB\ESDK_CGW\SOURCE\SIPSDK\TEMP\DEBUG\SIPSTACK_CONFIG.OBJ
D:\GITHUB\ESDK_CGW\SOURCE\SIPSDK\TEMP\DEBUG\SIPSTACK_EXCEPTION.OBJ
D:\GITHUB\ESDK_CGW\SOURCE\SIPSDK\TEMP\DEBUG\SIPSTACK_LOG.OBJ
D:\GITHUB\ESDK_CGW\SOURCE\SIPSDK\TEMP\DEBUG\SIPSTACK_MSG_CTRL.OBJ
D:\GITHUB\ESDK_CGW\SOURCE\SIPSDK\TEMP\DEBUG\SIPSTACK_MSG_WRAP.OBJ
D:\GITHUB\ESDK_CGW\SOURCE\SIPSDK\TEMP\DEBUG\SIPSTACK_SYNC_AGENT_MSG_HANDLER_IMPL.OBJ
D:\GITHUB\ESDK_CGW\SOURCE\SIPSDK\TEMP\DEBUG\SIPSTACK_TASK.OBJ
D:\GITHUB\ESDK_CGW\SOURCE\SIPSDK\TEMP\DEBUG\STDAFX.OBJ
D:\GITHUB\ESDK_CGW\SOURCE\SIPSDK\TEMP\DEBUG\UNHANDLEDEXCEPTIONFILTER.OBJ
D:\Github\esdk_Cgw\source\SipSDK\temp\Debug\vc100.idb
D:\GITHUB\ESDK_CGW\SOURCE\SIPSDK\TEMP\DEBUG\VC100.PDB
D:\GITHUB\ESDK_CGW\SOURCE\SIPSDK\TEMP\DEBUG\VOS_ADAPTOR.OBJ
D:\GITHUB\ESDK_CGW\SOURCE\SIPSDK\TEMP\DEBUG\VOS_COND.OBJ
D:\GITHUB\ESDK_CGW\SOURCE\SIPSDK\TEMP\DEBUG\VOS_MEM.OBJ
D:\GITHUB\ESDK_CGW\SOURCE\SIPSDK\TEMP\DEBUG\VOS_MUTEX.OBJ
D:\GITHUB\ESDK_CGW\SOURCE\SIPSDK\TEMP\DEBUG\VOS_SEMA.OBJ
D:\GITHUB\ESDK_CGW\SOURCE\SIPSDK\TEMP\DEBUG\VOS_THREAD.OBJ
D:\GITHUB\ESDK_CGW\SOURCE\SIPSDK\TEMP\DEBUG\VOS_TIME.OBJ
