Build started 2015/10/16 20:04:53.
     1>Project "D:\Github\esdk_Cgw\source\SipSDK\eSDK_RtpPacket\eSDK_RtpPacket.vcxproj" on node 3 (rebuild target(s)).
     1>_PrepareForClean:
         Deleting file "..\temp\Release\rtpconvertsdk.lastbuildstate".
     1>C:\Program Files (x86)\MSBuild\Microsoft.Cpp\v4.0\Microsoft.CppClean.targets(74,5): warning : Access to the path 'D:\Github\esdk_Cgw\source\SipSDK\temp\Release\link.command.1.tlog' is denied.
       InitializeBuildStatus:
         Creating "..\temp\Release\rtpconvertsdk.unsuccessfulbuild" because "AlwaysCreate" was specified.
       ClCompile:
         c:\Program Files (x86)\Microsoft Visual Studio 10.0\VC\bin\CL.exe /c /ID:\Github\esdk_Cgw\source\SipSDK\eSDK_RtpPacket\..\..\..\platform\IVS\IVS_BP\release\new\inc\bp_base /ID:\Github\esdk_Cgw\source\SipSDK\eSDK_RtpPacket\..\..\..\platform\IVS\IVS_COMMON\inc /ID:\Github\esdk_Cgw\source\SipSDK\eSDK_RtpPacket\..\..\..\platform\IVS\IVS_COMMON\CBB\release\new\inc\ACE_wrappers /ID:\Github\esdk_Cgw\source\SipSDK\eSDK_RtpPacket\..\include /ID:\Github\esdk_Cgw\source\SipSDK\eSDK_RtpPacket\..\..\..\self_dev\eSDKClientLogAPI\include /Zi /nologo /W3 /WX- /O2 /Oi /Oy- /GL /D WIN32 /D NDEBUG /D _WINDOWS /D _USRDLL /D ESDK_RTPPACKET_EXPORTS /D _WINDLL /D _UNICODE /D UNICODE /Gm- /EHsc /MD /GS /Gy /fp:precise /Zc:wchar_t /Zc:forScope /Yc"StdAfx.h" /Fp"..\temp\Release\rtpconvertsdk.pch" /Fo"..\temp\Release\\" /Fd"..\temp\Release\vc100.pdb" /Gd /TP /wd4996 /wd4355 /analyze- /errorReport:prompt stdafx.cpp
         stdafx.cpp
         c:\Program Files (x86)\Microsoft Visual Studio 10.0\VC\bin\CL.exe /c /ID:\Github\esdk_Cgw\source\SipSDK\eSDK_RtpPacket\..\..\..\platform\IVS\IVS_BP\release\new\inc\bp_base /ID:\Github\esdk_Cgw\source\SipSDK\eSDK_RtpPacket\..\..\..\platform\IVS\IVS_COMMON\inc /ID:\Github\esdk_Cgw\source\SipSDK\eSDK_RtpPacket\..\..\..\platform\IVS\IVS_COMMON\CBB\release\new\inc\ACE_wrappers /ID:\Github\esdk_Cgw\source\SipSDK\eSDK_RtpPacket\..\include /ID:\Github\esdk_Cgw\source\SipSDK\eSDK_RtpPacket\..\..\..\self_dev\eSDKClientLogAPI\include /Zi /nologo /W3 /WX- /O2 /Oi /Oy- /GL /D WIN32 /D NDEBUG /D _WINDOWS /D _USRDLL /D ESDK_RTPPACKET_EXPORTS /D _WINDLL /D _UNICODE /D UNICODE /Gm- /EHsc /MD /GS /Gy /fp:precise /Zc:wchar_t /Zc:forScope /Fo"..\temp\Release\\" /Fd"..\temp\Release\vc100.pdb" /Gd /TP /wd4996 /wd4355 /analyze- /errorReport:prompt dllmain.cpp
         dllmain.cpp
         c:\Program Files (x86)\Microsoft Visual Studio 10.0\VC\bin\CL.exe /c /ID:\Github\esdk_Cgw\source\SipSDK\eSDK_RtpPacket\..\..\..\platform\IVS\IVS_BP\release\new\inc\bp_base /ID:\Github\esdk_Cgw\source\SipSDK\eSDK_RtpPacket\..\..\..\platform\IVS\IVS_COMMON\inc /ID:\Github\esdk_Cgw\source\SipSDK\eSDK_RtpPacket\..\..\..\platform\IVS\IVS_COMMON\CBB\release\new\inc\ACE_wrappers /ID:\Github\esdk_Cgw\source\SipSDK\eSDK_RtpPacket\..\include /ID:\Github\esdk_Cgw\source\SipSDK\eSDK_RtpPacket\..\..\..\self_dev\eSDKClientLogAPI\include /Zi /nologo /W3 /WX- /O2 /Oi /Oy- /GL /D WIN32 /D NDEBUG /D _WINDOWS /D _USRDLL /D ESDK_RTPPACKET_EXPORTS /D _WINDLL /D _UNICODE /D UNICODE /Gm- /EHsc /MD /GS /Gy /fp:precise /Zc:wchar_t /Zc:forScope /Yu"StdAfx.h" /Fp"..\temp\Release\rtpconvertsdk.pch" /Fo"..\temp\Release\\" /Fd"..\temp\Release\vc100.pdb" /Gd /TP /wd4996 /wd4355 /analyze- /errorReport:prompt Es2PsProcessor.cpp eSDKTool.cpp eSDK_RtpPacket.cpp HstPESParse.cpp MediaBlockBuffer.cpp MediaDataQueue.cpp PacketProcessMgr.cpp Ps2EsProcessor.cpp RtpFrameOrganizer.cpp RtpPacket.cpp
         Es2PsProcessor.cpp
         eSDKTool.cpp
         eSDK_RtpPacket.cpp
         HstPESParse.cpp
         MediaBlockBuffer.cpp
         MediaDataQueue.cpp
         PacketProcessMgr.cpp
         Ps2EsProcessor.cpp
         RtpFrameOrganizer.cpp
         RtpPacket.cpp
         c:\Program Files (x86)\Microsoft Visual Studio 10.0\VC\bin\CL.exe /c /ID:\Github\esdk_Cgw\source\SipSDK\eSDK_RtpPacket\..\..\..\platform\IVS\IVS_BP\release\new\inc\bp_base /ID:\Github\esdk_Cgw\source\SipSDK\eSDK_RtpPacket\..\..\..\platform\IVS\IVS_COMMON\inc /ID:\Github\esdk_Cgw\source\SipSDK\eSDK_RtpPacket\..\..\..\platform\IVS\IVS_COMMON\CBB\release\new\inc\ACE_wrappers /ID:\Github\esdk_Cgw\source\SipSDK\eSDK_RtpPacket\..\include /ID:\Github\esdk_Cgw\source\SipSDK\eSDK_RtpPacket\..\..\..\self_dev\eSDKClientLogAPI\include /Zi /nologo /W3 /WX- /O2 /Oi /Oy- /GL /D WIN32 /D NDEBUG /D _WINDOWS /D _USRDLL /D ESDK_RTPPACKET_EXPORTS /D _WINDLL /D _UNICODE /D UNICODE /Gm- /EHsc /MD /GS /Gy /fp:precise /Zc:wchar_t /Zc:forScope /Fo"..\temp\Release\\" /Fd"..\temp\Release\vc100.pdb" /Gd /TP /wd4996 /wd4355 /analyze- /errorReport:prompt eSDKMem.cpp
         eSDKMem.cpp
       Link:
         c:\Program Files (x86)\Microsoft Visual Studio 10.0\VC\bin\link.exe /ERRORREPORT:PROMPT /OUT:"..\output\release\rtpconvertsdk.dll" /INCREMENTAL:NO /NOLOGO /LIBPATH:D:\Github\esdk_Cgw\source\SipSDK\eSDK_RtpPacket\\..\..\..\platform\IVS\IVS_COMMON\CBB\release\new\windows\release /LIBPATH:D:\Github\esdk_Cgw\source\SipSDK\eSDK_RtpPacket\\..\..\..\platform\IVS\IVS_BP\release\new\windows\release /LIBPATH:D:\Github\esdk_Cgw\source\SipSDK\eSDK_RtpPacket\\..\..\..\self_dev\eSDKClientLogAPI\release eSDKLogAPI.lib ACE.lib kernel32.lib user32.lib gdi32.lib winspool.lib comdlg32.lib advapi32.lib shell32.lib ole32.lib oleaut32.lib uuid.lib odbc32.lib odbccp32.lib /MANIFEST /ManifestFile:"..\temp\Release\rtpconvertsdk.dll.intermediate.manifest" /MANIFESTUAC:"level='asInvoker' uiAccess='false'" /DEBUG /PDB:"D:\Github\esdk_Cgw\source\SipSDK\output\release\rtpconvertsdk.pdb" /SUBSYSTEM:WINDOWS /OPT:REF /OPT:ICF /LTCG /TLBID:1 /DYNAMICBASE /NXCOMPAT /IMPLIB:"..\output\release\rtpconvertsdk.lib" /MACHINE:X86 /DLL ..\temp\Release\dllmain.obj
         ..\temp\Release\Es2PsProcessor.obj
         ..\temp\Release\eSDKMem.obj
         ..\temp\Release\eSDKTool.obj
         ..\temp\Release\eSDK_RtpPacket.obj
         ..\temp\Release\HstPESParse.obj
         ..\temp\Release\MediaBlockBuffer.obj
         ..\temp\Release\MediaDataQueue.obj
         ..\temp\Release\PacketProcessMgr.obj
         ..\temp\Release\Ps2EsProcessor.obj
         ..\temp\Release\RtpFrameOrganizer.obj
         ..\temp\Release\RtpPacket.obj
         ..\temp\Release\stdafx.obj
            Creating library ..\output\release\rtpconvertsdk.lib and object ..\output\release\rtpconvertsdk.exp
         Generating code
         Finished generating code
     1>dllmain.obj : warning LNK4099: PDB 'vc100.pdb' was not found with 'dllmain.obj' or at 'D:\Github\esdk_Cgw\source\SipSDK\output\release\vc100.pdb'; linking object as if no debug info
     1>Es2PsProcessor.obj : warning LNK4099: PDB 'vc100.pdb' was not found with 'Es2PsProcessor.obj' or at 'D:\Github\esdk_Cgw\source\SipSDK\output\release\vc100.pdb'; linking object as if no debug info
     1>eSDKMem.obj : warning LNK4099: PDB 'vc100.pdb' was not found with 'eSDKMem.obj' or at 'D:\Github\esdk_Cgw\source\SipSDK\output\release\vc100.pdb'; linking object as if no debug info
     1>eSDKTool.obj : warning LNK4099: PDB 'vc100.pdb' was not found with 'eSDKTool.obj' or at 'D:\Github\esdk_Cgw\source\SipSDK\output\release\vc100.pdb'; linking object as if no debug info
     1>eSDK_RtpPacket.obj : warning LNK4099: PDB 'vc100.pdb' was not found with 'eSDK_RtpPacket.obj' or at 'D:\Github\esdk_Cgw\source\SipSDK\output\release\vc100.pdb'; linking object as if no debug info
     1>HstPESParse.obj : warning LNK4099: PDB 'vc100.pdb' was not found with 'HstPESParse.obj' or at 'D:\Github\esdk_Cgw\source\SipSDK\output\release\vc100.pdb'; linking object as if no debug info
     1>MediaBlockBuffer.obj : warning LNK4099: PDB 'vc100.pdb' was not found with 'MediaBlockBuffer.obj' or at 'D:\Github\esdk_Cgw\source\SipSDK\output\release\vc100.pdb'; linking object as if no debug info
     1>MediaDataQueue.obj : warning LNK4099: PDB 'vc100.pdb' was not found with 'MediaDataQueue.obj' or at 'D:\Github\esdk_Cgw\source\SipSDK\output\release\vc100.pdb'; linking object as if no debug info
     1>PacketProcessMgr.obj : warning LNK4099: PDB 'vc100.pdb' was not found with 'PacketProcessMgr.obj' or at 'D:\Github\esdk_Cgw\source\SipSDK\output\release\vc100.pdb'; linking object as if no debug info
     1>Ps2EsProcessor.obj : warning LNK4099: PDB 'vc100.pdb' was not found with 'Ps2EsProcessor.obj' or at 'D:\Github\esdk_Cgw\source\SipSDK\output\release\vc100.pdb'; linking object as if no debug info
     1>RtpFrameOrganizer.obj : warning LNK4099: PDB 'vc100.pdb' was not found with 'RtpFrameOrganizer.obj' or at 'D:\Github\esdk_Cgw\source\SipSDK\output\release\vc100.pdb'; linking object as if no debug info
     1>RtpPacket.obj : warning LNK4099: PDB 'vc100.pdb' was not found with 'RtpPacket.obj' or at 'D:\Github\esdk_Cgw\source\SipSDK\output\release\vc100.pdb'; linking object as if no debug info
     1>stdafx.obj : warning LNK4099: PDB 'vc100.pdb' was not found with 'stdafx.obj' or at 'D:\Github\esdk_Cgw\source\SipSDK\output\release\vc100.pdb'; linking object as if no debug info
         eSDK_RtpPacket.vcxproj -> D:\Github\esdk_Cgw\source\SipSDK\eSDK_RtpPacket\..\output\release\rtpconvertsdk.dll
       Manifest:
         c:\Program Files (x86)\Microsoft SDKs\Windows\v7.0A\bin\mt.exe /nologo /verbose /outputresource:"..\output\release\rtpconvertsdk.dll;#2" /manifest ..\temp\Release\rtpconvertsdk.dll.intermediate.manifest
       FinalizeBuildStatus:
         Deleting file "..\temp\Release\rtpconvertsdk.unsuccessfulbuild".
         Touching "..\temp\Release\rtpconvertsdk.lastbuildstate".
     1>Done Building Project "D:\Github\esdk_Cgw\source\SipSDK\eSDK_RtpPacket\eSDK_RtpPacket.vcxproj" (rebuild target(s)).

Build succeeded.

Time Elapsed 00:00:18.94
