D:\GITHUB\ESDK_CGW\SOURCE\SIPSDK\OUTPUT\RELEASE\RTPCONVERTSDK.DLL
D:\Github\esdk_Cgw\source\SipSDK\output\release\rtpconvertsdk.exp
D:\Github\esdk_Cgw\source\SipSDK\output\release\rtpconvertsdk.lib
D:\GITHUB\ESDK_CGW\SOURCE\SIPSDK\OUTPUT\RELEASE\RTPCONVERTSDK.PDB
D:\GITHUB\ESDK_CGW\SOURCE\SIPSDK\OUTPUT\RELEASE\SIPSDK.DLL
D:\Github\esdk_Cgw\source\SipSDK\output\release\sipsdk.exp
D:\Github\esdk_Cgw\source\SipSDK\output\release\sipsdk.lib
D:\GITHUB\ESDK_CGW\SOURCE\SIPSDK\OUTPUT\RELEASE\SIPSDK.PDB
D:\GITHUB\ESDK_CGW\SOURCE\SIPSDK\TEMP\RELEASE\CCONNMGR.OBJ
D:\GITHUB\ESDK_CGW\SOURCE\SIPSDK\TEMP\RELEASE\CDCGSTACK.OBJ
D:\Github\esdk_Cgw\source\SipSDK\temp\Release\cl.command.1.tlog
D:\Github\esdk_Cgw\source\SipSDK\temp\Release\CL.read.1.tlog
D:\Github\esdk_Cgw\source\SipSDK\temp\Release\CL.write.1.tlog
D:\GITHUB\ESDK_CGW\SOURCE\SIPSDK\TEMP\RELEASE\CLOCKGUARD.OBJ
D:\GITHUB\ESDK_CGW\SOURCE\SIPSDK\TEMP\RELEASE\CNVSTIMER.OBJ
D:\GITHUB\ESDK_CGW\SOURCE\SIPSDK\TEMP\RELEASE\CSIPSTACK.OBJ
D:\GITHUB\ESDK_CGW\SOURCE\SIPSDK\TEMP\RELEASE\CSYNCHRONIZED.OBJ
D:\GITHUB\ESDK_CGW\SOURCE\SIPSDK\TEMP\RELEASE\DIGCALC.OBJ
D:\GITHUB\ESDK_CGW\SOURCE\SIPSDK\TEMP\RELEASE\DLLMAIN.OBJ
D:\GITHUB\ESDK_CGW\SOURCE\SIPSDK\TEMP\RELEASE\ES2PSPROCESSOR.OBJ
D:\GITHUB\ESDK_CGW\SOURCE\SIPSDK\TEMP\RELEASE\ESDK_RTPPACKET.OBJ
D:\GITHUB\ESDK_CGW\SOURCE\SIPSDK\TEMP\RELEASE\ESDKMEM.OBJ
D:\GITHUB\ESDK_CGW\SOURCE\SIPSDK\TEMP\RELEASE\ESDKTOOL.OBJ
D:\GITHUB\ESDK_CGW\SOURCE\SIPSDK\TEMP\RELEASE\HSTPESPARSE.OBJ
D:\Github\esdk_Cgw\source\SipSDK\temp\Release\link.command.1.tlog
D:\Github\esdk_Cgw\source\SipSDK\temp\Release\link.read.1.tlog
D:\Github\esdk_Cgw\source\SipSDK\temp\Release\link.write.1.tlog
D:\GITHUB\ESDK_CGW\SOURCE\SIPSDK\TEMP\RELEASE\MD5.OBJ
D:\GITHUB\ESDK_CGW\SOURCE\SIPSDK\TEMP\RELEASE\MEDIABLOCKBUFFER.OBJ
D:\GITHUB\ESDK_CGW\SOURCE\SIPSDK\TEMP\RELEASE\MEDIADATAQUEUE.OBJ
D:\GITHUB\ESDK_CGW\SOURCE\SIPSDK\TEMP\RELEASE\MINIDMP.OBJ
D:\GITHUB\ESDK_CGW\SOURCE\SIPSDK\TEMP\RELEASE\MINISIP.OBJ
D:\Github\esdk_Cgw\source\SipSDK\temp\Release\mt.command.1.tlog
D:\Github\esdk_Cgw\source\SipSDK\temp\Release\mt.read.1.tlog
D:\Github\esdk_Cgw\source\SipSDK\temp\Release\mt.write.1.tlog
D:\GITHUB\ESDK_CGW\SOURCE\SIPSDK\TEMP\RELEASE\PACKETPROCESSMGR.OBJ
D:\GITHUB\ESDK_CGW\SOURCE\SIPSDK\TEMP\RELEASE\PS2ESPROCESSOR.OBJ
D:\GITHUB\ESDK_CGW\SOURCE\SIPSDK\TEMP\RELEASE\RAND.OBJ
D:\GITHUB\ESDK_CGW\SOURCE\SIPSDK\TEMP\RELEASE\RANDUTIL.OBJ
D:\GITHUB\ESDK_CGW\SOURCE\SIPSDK\TEMP\RELEASE\RTPCONVERTSDK.DLL.INTERMEDIATE.MANIFEST
D:\GITHUB\ESDK_CGW\SOURCE\SIPSDK\TEMP\RELEASE\RTPCONVERTSDK.PCH
D:\Github\esdk_Cgw\source\SipSDK\temp\Release\rtpconvertsdk.write.1.tlog
D:\GITHUB\ESDK_CGW\SOURCE\SIPSDK\TEMP\RELEASE\RTPFRAMEORGANIZER.OBJ
D:\GITHUB\ESDK_CGW\SOURCE\SIPSDK\TEMP\RELEASE\RTPPACKET.OBJ
D:\GITHUB\ESDK_CGW\SOURCE\SIPSDK\TEMP\RELEASE\SIPSDK.DLL.INTERMEDIATE.MANIFEST
D:\GITHUB\ESDK_CGW\SOURCE\SIPSDK\TEMP\RELEASE\SIPSDK.OBJ
D:\GITHUB\ESDK_CGW\SOURCE\SIPSDK\TEMP\RELEASE\SIPSDK.PCH
D:\Github\esdk_Cgw\source\SipSDK\temp\Release\sipsdk.write.1.tlog
D:\GITHUB\ESDK_CGW\SOURCE\SIPSDK\TEMP\RELEASE\SIPSTACK_AGENT_CLIENT_IMPL.OBJ
D:\GITHUB\ESDK_CGW\SOURCE\SIPSDK\TEMP\RELEASE\SIPSTACK_AGENT_MGR_IMPL.OBJ
D:\GITHUB\ESDK_CGW\SOURCE\SIPSDK\TEMP\RELEASE\SIPSTACK_AGENT_MSG_IMPL.OBJ
D:\GITHUB\ESDK_CGW\SOURCE\SIPSDK\TEMP\RELEASE\SIPSTACK_AGENT_SERVER_IMPL.OBJ
D:\GITHUB\ESDK_CGW\SOURCE\SIPSDK\TEMP\RELEASE\SIPSTACK_CONFIG.OBJ
D:\GITHUB\ESDK_CGW\SOURCE\SIPSDK\TEMP\RELEASE\SIPSTACK_EXCEPTION.OBJ
D:\GITHUB\ESDK_CGW\SOURCE\SIPSDK\TEMP\RELEASE\SIPSTACK_LOG.OBJ
D:\GITHUB\ESDK_CGW\SOURCE\SIPSDK\TEMP\RELEASE\SIPSTACK_MSG_CTRL.OBJ
D:\GITHUB\ESDK_CGW\SOURCE\SIPSDK\TEMP\RELEASE\SIPSTACK_MSG_WRAP.OBJ
D:\GITHUB\ESDK_CGW\SOURCE\SIPSDK\TEMP\RELEASE\SIPSTACK_SYNC_AGENT_MSG_HANDLER_IMPL.OBJ
D:\GITHUB\ESDK_CGW\SOURCE\SIPSDK\TEMP\RELEASE\SIPSTACK_TASK.OBJ
D:\GITHUB\ESDK_CGW\SOURCE\SIPSDK\TEMP\RELEASE\STDAFX.OBJ
D:\GITHUB\ESDK_CGW\SOURCE\SIPSDK\TEMP\RELEASE\UNHANDLEDEXCEPTIONFILTER.OBJ
D:\GITHUB\ESDK_CGW\SOURCE\SIPSDK\TEMP\RELEASE\VC100.PDB
D:\GITHUB\ESDK_CGW\SOURCE\SIPSDK\TEMP\RELEASE\VOS_ADAPTOR.OBJ
D:\GITHUB\ESDK_CGW\SOURCE\SIPSDK\TEMP\RELEASE\VOS_COND.OBJ
D:\GITHUB\ESDK_CGW\SOURCE\SIPSDK\TEMP\RELEASE\VOS_MEM.OBJ
D:\GITHUB\ESDK_CGW\SOURCE\SIPSDK\TEMP\RELEASE\VOS_MUTEX.OBJ
D:\GITHUB\ESDK_CGW\SOURCE\SIPSDK\TEMP\RELEASE\VOS_SEMA.OBJ
D:\GITHUB\ESDK_CGW\SOURCE\SIPSDK\TEMP\RELEASE\VOS_THREAD.OBJ
D:\GITHUB\ESDK_CGW\SOURCE\SIPSDK\TEMP\RELEASE\VOS_TIME.OBJ
